<?xml version="1.0" encoding="UTF-8"?>
<coverage generated="1707928061781" clover="3.2.0">
  <project timestamp="1707928061781" name="All files">
    <metrics statements="115" coveredstatements="106" conditionals="40" coveredconditionals="29" methods="43" coveredmethods="38" elements="198" coveredelements="173" complexity="0" loc="115" ncloc="115" packages="2" files="4" classes="4"/>
    <package name="Domain">
      <metrics statements="106" coveredstatements="99" conditionals="34" coveredconditionals="26" methods="41" coveredmethods="36"/>
      <file name="Board.js" path="D:\Desarrollo de Aplicaciones Web 23-24\DIW\2 - Segunda evaluacion\Practicas Evaluables\codigoBuscaminas\buscaminasPrueba\src\Domain\Board.js">
        <metrics statements="91" coveredstatements="84" conditionals="34" coveredconditionals="26" methods="34" coveredmethods="29"/>
        <line num="14" count="7" type="stmt"/>
        <line num="15" count="7" type="stmt"/>
        <line num="16" count="7" type="stmt"/>
        <line num="17" count="7" type="stmt"/>
        <line num="18" count="7" type="stmt"/>
        <line num="23" count="7" type="stmt"/>
        <line num="24" count="0" type="stmt"/>
        <line num="26" count="7" type="stmt"/>
        <line num="27" count="0" type="stmt"/>
        <line num="30" count="7" type="stmt"/>
        <line num="31" count="0" type="stmt"/>
        <line num="44" count="7" type="stmt"/>
        <line num="48" count="7" type="stmt"/>
        <line num="50" count="7" type="stmt"/>
        <line num="51" count="42" type="stmt"/>
        <line num="52" count="42" type="stmt"/>
        <line num="54" count="7" type="stmt"/>
        <line num="57" count="7" type="stmt"/>
        <line num="58" count="42" type="stmt"/>
        <line num="60" count="42" type="stmt"/>
        <line num="61" count="324" type="stmt"/>
        <line num="64" count="42" type="stmt"/>
        <line num="74" count="1781" type="cond" truecount="2" falsecount="0"/>
        <line num="76" count="7" type="stmt"/>
        <line num="77" count="0" type="stmt"/>
        <line num="85" count="7" type="stmt"/>
        <line num="86" count="2" type="stmt"/>
        <line num="96" count="2686" type="cond" truecount="2" falsecount="0"/>
        <line num="97" count="609" type="stmt"/>
        <line num="98" count="200" type="stmt"/>
        <line num="100" count="200" type="stmt"/>
        <line num="114" count="51" type="stmt"/>
        <line num="135" count="20" type="stmt"/>
        <line num="137" count="20" type="stmt"/>
        <line num="138" count="160" type="stmt"/>
        <line num="140" count="160" type="cond" truecount="4" falsecount="0"/>
        <line num="141" count="28" type="stmt"/>
        <line num="144" count="160" type="stmt"/>
        <line num="155" count="31" type="stmt"/>
        <line num="157" count="31" type="stmt"/>
        <line num="158" count="248" type="cond" truecount="2" falsecount="0"/>
        <line num="160" count="31" type="stmt"/>
        <line num="161" count="248" type="stmt"/>
        <line num="163" count="31" type="stmt"/>
        <line num="166" count="7" type="stmt"/>
        <line num="167" count="62" type="stmt"/>
        <line num="170" count="7" type="stmt"/>
        <line num="172" count="31" type="stmt"/>
        <line num="174" count="496" type="stmt"/>
        <line num="177" count="7" type="stmt"/>
        <line num="178" count="1" type="stmt"/>
        <line num="180" count="7" type="stmt"/>
        <line num="181" count="31" type="stmt"/>
        <line num="183" count="496" type="stmt"/>
        <line num="193" count="7" type="stmt"/>
        <line num="194" count="1" type="stmt"/>
        <line num="195" count="1" type="stmt"/>
        <line num="197" count="1" type="cond" truecount="4" falsecount="2"/>
        <line num="199" count="1" type="stmt"/>
        <line num="200" count="1" type="stmt"/>
        <line num="202" count="1" type="cond" truecount="2" falsecount="2"/>
        <line num="203" count="0" type="stmt"/>
        <line num="204" count="0" type="stmt"/>
        <line num="207" count="1" type="stmt"/>
        <line num="220" count="7" type="stmt"/>
        <line num="221" count="31" type="stmt"/>
        <line num="222" count="31" type="stmt"/>
        <line num="224" count="31" type="cond" truecount="1" falsecount="1"/>
        <line num="226" count="31" type="cond" truecount="2" falsecount="0"/>
        <line num="227" count="1" type="stmt"/>
        <line num="228" count="1" type="stmt"/>
        <line num="231" count="30" type="stmt"/>
        <line num="233" count="30" type="stmt"/>
        <line num="235" count="30" type="stmt"/>
        <line num="237" count="30" type="cond" truecount="2" falsecount="2"/>
        <line num="238" count="0" type="stmt"/>
        <line num="240" count="30" type="stmt"/>
        <line num="248" count="7" type="stmt"/>
        <line num="249" count="30" type="cond" truecount="2" falsecount="0"/>
        <line num="250" count="20" type="stmt"/>
        <line num="252" count="28" type="stmt"/>
        <line num="262" count="7" type="stmt"/>
        <line num="263" count="1" type="stmt"/>
        <line num="264" count="1" type="stmt"/>
        <line num="265" count="1" type="stmt"/>
        <line num="267" count="1" type="cond" truecount="1" falsecount="1"/>
        <line num="268" count="1" type="stmt"/>
        <line num="269" count="4" type="stmt"/>
        <line num="270" count="16" type="cond" truecount="2" falsecount="0"/>
        <line num="271" count="2" type="stmt"/>
        <line num="275" count="1" type="stmt"/>
      </file>
      <file name="BoardCell.js" path="D:\Desarrollo de Aplicaciones Web 23-24\DIW\2 - Segunda evaluacion\Practicas Evaluables\codigoBuscaminas\buscaminasPrueba\src\Domain\BoardCell.js">
        <metrics statements="13" coveredstatements="13" conditionals="0" coveredconditionals="0" methods="6" coveredmethods="6"/>
        <line num="3" count="324" type="stmt"/>
        <line num="4" count="324" type="stmt"/>
        <line num="5" count="324" type="stmt"/>
        <line num="8" count="324" type="stmt"/>
        <line num="9" count="16" type="stmt"/>
        <line num="17" count="30" type="stmt"/>
        <line num="18" count="30" type="stmt"/>
        <line num="19" count="30" type="stmt"/>
        <line num="28" count="1" type="stmt"/>
        <line num="29" count="1" type="stmt"/>
        <line num="38" count="1" type="stmt"/>
        <line num="39" count="1" type="stmt"/>
        <line num="48" count="30" type="stmt"/>
      </file>
      <file name="Mine.js" path="D:\Desarrollo de Aplicaciones Web 23-24\DIW\2 - Segunda evaluacion\Practicas Evaluables\codigoBuscaminas\buscaminasPrueba\src\Domain\Mine.js">
        <metrics statements="2" coveredstatements="2" conditionals="0" coveredconditionals="0" methods="1" coveredmethods="1"/>
        <line num="3" count="10" type="stmt"/>
        <line num="4" count="10" type="stmt"/>
      </file>
    </package>
    <package name="Services">
      <metrics statements="9" coveredstatements="7" conditionals="6" coveredconditionals="3" methods="2" coveredmethods="2"/>
      <file name="ApiClient.js" path="D:\Desarrollo de Aplicaciones Web 23-24\DIW\2 - Segunda evaluacion\Practicas Evaluables\codigoBuscaminas\buscaminasPrueba\src\Services\ApiClient.js">
        <metrics statements="9" coveredstatements="7" conditionals="6" coveredconditionals="3" methods="2" coveredmethods="2"/>
        <line num="3" count="2" type="cond" truecount="1" falsecount="1"/>
        <line num="4" count="0" type="stmt"/>
        <line num="7" count="2" type="stmt"/>
        <line num="9" count="2" type="cond" truecount="1" falsecount="1"/>
        <line num="10" count="2" type="stmt"/>
        <line num="15" count="2" type="stmt"/>
        <line num="16" count="2" type="cond" truecount="1" falsecount="1"/>
        <line num="17" count="0" type="stmt"/>
        <line num="19" count="2" type="stmt"/>
      </file>
    </package>
  </project>
</coverage>
