TN:
SF:src\Domain\Board.js
FN:13,(anonymous_0)
FN:23,(anonymous_1)
FN:26,(anonymous_2)
FN:30,(anonymous_3)
FN:31,(anonymous_4)
FN:43,(anonymous_5)
FN:47,(anonymous_6)
FN:57,(anonymous_7)
FN:73,(anonymous_8)
FN:74,(anonymous_9)
FN:76,(anonymous_10)
FN:85,(anonymous_11)
FN:95,(anonymous_12)
FN:96,(anonymous_13)
FN:97,(anonymous_14)
FN:113,(anonymous_15)
FN:134,(anonymous_16)
FN:137,(anonymous_17)
FN:154,(anonymous_18)
FN:158,(anonymous_19)
FN:161,(anonymous_20)
FN:166,(anonymous_21)
FN:170,(anonymous_22)
FN:174,(anonymous_23)
FN:177,(anonymous_24)
FN:180,(anonymous_25)
FN:183,(anonymous_26)
FN:193,(anonymous_27)
FN:220,(anonymous_28)
FN:248,(anonymous_29)
FN:252,(anonymous_30)
FN:262,(anonymous_31)
FN:268,(anonymous_32)
FN:269,(anonymous_33)
FNF:34
FNH:29
FNDA:7,(anonymous_0)
FNDA:0,(anonymous_1)
FNDA:0,(anonymous_2)
FNDA:0,(anonymous_3)
FNDA:0,(anonymous_4)
FNDA:7,(anonymous_5)
FNDA:7,(anonymous_6)
FNDA:42,(anonymous_7)
FNDA:574,(anonymous_8)
FNDA:1781,(anonymous_9)
FNDA:0,(anonymous_10)
FNDA:2,(anonymous_11)
FNDA:200,(anonymous_12)
FNDA:2686,(anonymous_13)
FNDA:609,(anonymous_14)
FNDA:51,(anonymous_15)
FNDA:20,(anonymous_16)
FNDA:160,(anonymous_17)
FNDA:31,(anonymous_18)
FNDA:248,(anonymous_19)
FNDA:248,(anonymous_20)
FNDA:62,(anonymous_21)
FNDA:31,(anonymous_22)
FNDA:496,(anonymous_23)
FNDA:1,(anonymous_24)
FNDA:31,(anonymous_25)
FNDA:496,(anonymous_26)
FNDA:1,(anonymous_27)
FNDA:31,(anonymous_28)
FNDA:30,(anonymous_29)
FNDA:28,(anonymous_30)
FNDA:1,(anonymous_31)
FNDA:4,(anonymous_32)
FNDA:16,(anonymous_33)
DA:14,7
DA:15,7
DA:16,7
DA:17,7
DA:18,7
DA:23,7
DA:24,0
DA:26,7
DA:27,0
DA:30,7
DA:31,0
DA:44,7
DA:48,7
DA:50,7
DA:51,42
DA:52,42
DA:54,7
DA:57,7
DA:58,42
DA:60,42
DA:61,324
DA:64,42
DA:74,1781
DA:76,7
DA:77,0
DA:85,7
DA:86,2
DA:96,2686
DA:97,609
DA:98,200
DA:100,200
DA:114,51
DA:135,20
DA:137,20
DA:138,160
DA:140,160
DA:141,28
DA:144,160
DA:155,31
DA:157,31
DA:158,248
DA:160,31
DA:161,248
DA:163,31
DA:166,7
DA:167,62
DA:170,7
DA:172,31
DA:174,496
DA:177,7
DA:178,1
DA:180,7
DA:181,31
DA:183,496
DA:193,7
DA:194,1
DA:195,1
DA:197,1
DA:199,1
DA:200,1
DA:202,1
DA:203,0
DA:204,0
DA:207,1
DA:220,7
DA:221,31
DA:222,31
DA:224,31
DA:226,31
DA:227,1
DA:228,1
DA:231,30
DA:233,30
DA:235,30
DA:237,30
DA:238,0
DA:240,30
DA:248,7
DA:249,30
DA:250,20
DA:252,28
DA:262,7
DA:263,1
DA:264,1
DA:265,1
DA:267,1
DA:268,1
DA:269,4
DA:270,16
DA:271,2
DA:275,1
LF:91
LH:84
BRDA:74,0,0,1781
BRDA:74,0,1,220
BRDA:96,1,0,2686
BRDA:96,1,1,601
BRDA:140,2,0,28
BRDA:140,2,1,132
BRDA:140,3,0,160
BRDA:140,3,1,96
BRDA:158,4,0,18
BRDA:158,4,1,230
BRDA:197,5,0,0
BRDA:197,5,1,1
BRDA:197,6,0,1
BRDA:197,6,1,0
BRDA:197,6,2,1
BRDA:197,6,3,1
BRDA:202,7,0,0
BRDA:202,7,1,1
BRDA:202,8,0,1
BRDA:202,8,1,0
BRDA:224,9,0,31
BRDA:224,9,1,0
BRDA:226,10,0,1
BRDA:226,10,1,30
BRDA:237,11,0,0
BRDA:237,11,1,30
BRDA:237,12,0,30
BRDA:237,12,1,0
BRDA:249,13,0,20
BRDA:249,13,1,10
BRDA:267,14,0,1
BRDA:267,14,1,0
BRDA:270,15,0,2
BRDA:270,15,1,14
BRF:34
BRH:26
end_of_record
TN:
SF:src\Domain\BoardCell.js
FN:2,(anonymous_0)
FN:8,(anonymous_1)
FN:16,(anonymous_2)
FN:27,(anonymous_3)
FN:37,(anonymous_4)
FN:47,(anonymous_5)
FNF:6
FNH:6
FNDA:324,(anonymous_0)
FNDA:16,(anonymous_1)
FNDA:30,(anonymous_2)
FNDA:1,(anonymous_3)
FNDA:1,(anonymous_4)
FNDA:30,(anonymous_5)
DA:3,324
DA:4,324
DA:5,324
DA:8,324
DA:9,16
DA:17,30
DA:18,30
DA:19,30
DA:28,1
DA:29,1
DA:38,1
DA:39,1
DA:48,30
LF:13
LH:13
BRF:0
BRH:0
end_of_record
TN:
SF:src\Domain\Mine.js
FN:2,(anonymous_0)
FNF:1
FNH:1
FNDA:10,(anonymous_0)
DA:3,10
DA:4,10
LF:2
LH:2
BRF:0
BRH:0
end_of_record
TN:
SF:src\Services\ApiClient.js
FN:2,(anonymous_0)
FN:14,(anonymous_1)
FNF:2
FNH:2
FNDA:2,(anonymous_0)
FNDA:2,(anonymous_1)
DA:3,2
DA:4,0
DA:7,2
DA:9,2
DA:10,2
DA:15,2
DA:16,2
DA:17,0
DA:19,2
LF:9
LH:7
BRDA:3,0,0,0
BRDA:3,0,1,2
BRDA:9,1,0,2
BRDA:9,1,1,0
BRDA:16,2,0,0
BRDA:16,2,1,2
BRF:6
BRH:3
end_of_record
